#
# There is insufficient memory for the Java Runtime Environment to continue.
# Native memory allocation (malloc) failed to allocate 1218096 bytes for Chunk::new
# Possible reasons:
#   The system is out of physical RAM or swap space
#   The process is running with CompressedOops enabled, and the Java Heap may be blocking the growth of the native heap
# Possible solutions:
#   Reduce memory load on the system
#   Increase physical memory or swap space
#   Check if swap backing store is full
#   Decrease Java heap size (-Xmx/-Xms)
#   Decrease number of Java threads
#   Decrease Java thread stack sizes (-Xss)
#   Set larger code cache with -XX:ReservedCodeCacheSize=
#   JVM is running with Unscaled Compressed Oops mode in which the Java heap is
#     placed in the first 4GB address space. The Java Heap base address is the
#     maximum limit for the native heap growth. Please use -XX:HeapBaseMinAddress
#     to set the Java Heap base and to place the Java Heap above 4GB virtual address.
# This output file may be truncated or incomplete.
#
#  Out of Memory Error (allocation.cpp:389), pid=1596, tid=0x0000000000000130
#
# JRE version: OpenJDK Runtime Environment (8.0_202-b03) (build 1.8.0_202-release-1483-b03)
# Java VM: OpenJDK 64-Bit Server VM (25.202-b03 mixed mode windows-amd64 compressed oops)
# Failed to write core dump. Minidumps are not enabled by default on client versions of Windows
#

---------------  T H R E A D  ---------------

Current thread (0x0000000016738000):  JavaThread "C2 CompilerThread0" daemon [_thread_in_native, id=304, stack(0x0000000017da0000,0x0000000017ea0000)]

Stack: [0x0000000017da0000,0x0000000017ea0000]
[error occurred during error reporting (printing stack bounds), id 0xc0000005]

Native frames: (J=compiled Java code, j=interpreted, Vv=VM code, C=native code)


Current CompileTask:
C2:4332948 17541       4       com.android.tools.r8.ir.conversion.IRBuilder::a (706 bytes)


---------------  P R O C E S S  ---------------

Java Threads: ( => current thread )
  0x00000000182f1000 JavaThread "WorkerExecutor Queue Thread 4" [_thread_blocked, id=9728, stack(0x0000000026e80000,0x0000000026f80000)]
  0x00000000182f0800 JavaThread "Cache worker for Java compile cache (E:\DuAn1-Mob5151\AiLaTrieuPhu\.gradle\5.4.1\javaCompile)" [_thread_blocked, id=3432, stack(0x0000000026080000,0x0000000026180000)]
  0x00000000182ef800 JavaThread "Cache worker for Java compile cache (C:\Users\adm\.gradle\caches\5.4.1\javaCompile)" [_thread_blocked, id=9848, stack(0x0000000025660000,0x0000000025760000)]
  0x00000000182e7800 JavaThread "WorkerExecutor Queue Thread 3" [_thread_blocked, id=8140, stack(0x0000000026380000,0x0000000026480000)]
  0x000000001c0b1000 JavaThread "stdout" [_thread_in_native, id=752, stack(0x0000000025f80000,0x0000000026080000)]
  0x000000001c0b0000 JavaThread "stderr" [_thread_in_native, id=6696, stack(0x0000000025960000,0x0000000025a60000)]
  0x000000001c0a8800 JavaThread "stdout" [_thread_in_native, id=6932, stack(0x0000000025860000,0x0000000025960000)]
  0x000000001c0a8000 JavaThread "stderr" [_thread_in_native, id=4104, stack(0x0000000025760000,0x0000000025860000)]
  0x000000001c0ad000 JavaThread "pool-5-thread-1" [_thread_blocked, id=1116, stack(0x0000000025360000,0x0000000025460000)]
  0x000000001c0ae000 JavaThread "WorkerExecutor Queue" [_thread_blocked, id=1600, stack(0x0000000024070000,0x0000000024170000)]
  0x000000001c0a5000 JavaThread "Cache worker for execution history cache (E:\DuAn1-Mob5151\AiLaTrieuPhu\.gradle\5.4.1\executionHistory)" [_thread_blocked, id=9864, stack(0x0000000023d70000,0x0000000023e70000)]
  0x000000001c0a3000 JavaThread "Execution worker for ':' Thread 3" [_thread_in_Java, id=1348, stack(0x0000000023c70000,0x0000000023d70000)]
  0x000000001c0a6800 JavaThread "Execution worker for ':' Thread 2" [_thread_in_Java, id=1256, stack(0x0000000023b70000,0x0000000023c70000)]
  0x000000001c0a7000 JavaThread "Execution worker for ':'" [_thread_blocked, id=7040, stack(0x0000000023a70000,0x0000000023b70000)]
  0x000000001c0aa000 JavaThread "Cache worker for file content cache (E:\DuAn1-Mob5151\AiLaTrieuPhu\.gradle\5.4.1\fileContent)" [_thread_blocked, id=7124, stack(0x0000000023970000,0x0000000023a70000)]
  0x0000000019a83800 JavaThread "Cache worker for Build Output Cleanup Cache (E:\DuAn1-Mob5151\AiLaTrieuPhu\.gradle\buildOutputCleanup)" [_thread_in_native, id=9144, stack(0x00000000216d0000,0x00000000217d0000)]
  0x0000000019a8a800 JavaThread "pool-4-thread-1" [_thread_blocked, id=4772, stack(0x00000000213d0000,0x00000000214d0000)]
  0x0000000019a89000 JavaThread "Build operations Thread 4" [_thread_blocked, id=5812, stack(0x0000000020ed0000,0x0000000020fd0000)]
  0x0000000019a81800 JavaThread "Build operations Thread 3" [_thread_blocked, id=8832, stack(0x0000000020dd0000,0x0000000020ed0000)]
  0x0000000019a88000 JavaThread "Build operations Thread 2" [_thread_blocked, id=4132, stack(0x0000000020cd0000,0x0000000020dd0000)]
  0x0000000019a87800 JavaThread "Build operations" [_thread_blocked, id=10096, stack(0x0000000020760000,0x0000000020860000)]
  0x0000000019a80000 JavaThread "Cache worker for cache directory md-rule (C:\Users\adm\.gradle\caches\5.4.1\md-rule)" [_thread_blocked, id=7052, stack(0x000000001f560000,0x000000001f660000)]
  0x0000000019a7f000 JavaThread "Cache worker for cache directory md-supplier (C:\Users\adm\.gradle\caches\5.4.1\md-supplier)" [_thread_blocked, id=5348, stack(0x000000001f460000,0x000000001f560000)]
  0x0000000019a80800 JavaThread "Cache worker for file hash cache (E:\DuAn1-Mob5151\AiLaTrieuPhu\.gradle\5.4.1\fileHashes)" [_thread_blocked, id=5488, stack(0x000000001f360000,0x000000001f460000)]
  0x0000000019a86000 JavaThread "Thread-59" [_thread_blocked, id=9432, stack(0x000000001f260000,0x000000001f360000)]
  0x0000000019a82000 JavaThread "Asynchronous log dispatcher for DefaultDaemonConnection: socket connection from /127.0.0.1:50762 to /127.0.0.1:51199" [_thread_blocked, id=8240, stack(0x000000001aff0000,0x000000001b0f0000)]
  0x0000000019a83000 JavaThread "Daemon worker Thread 3" [_thread_in_Java, id=8036, stack(0x000000001acf0000,0x000000001adf0000)]
  0x0000000019a7d000 JavaThread "Cancel handler" [_thread_blocked, id=6176, stack(0x000000001abf0000,0x000000001acf0000)]
  0x0000000019a7b800 JavaThread "Handler for socket connection from /127.0.0.1:50762 to /127.0.0.1:51199" [_thread_in_native, id=4976, stack(0x000000001a8f0000,0x000000001a9f0000)]
  0x0000000019a7d800 JavaThread "Daemon Thread 3" [_thread_blocked, id=6284, stack(0x000000001a7f0000,0x000000001a8f0000)]
  0x0000000019a84800 JavaThread "MarlinRenderer Disposer" daemon [_thread_blocked, id=7284, stack(0x0000000025c80000,0x0000000025d80000)]
  0x0000000019a85000 JavaThread "Java2D Disposer" daemon [_thread_blocked, id=6268, stack(0x0000000025b60000,0x0000000025c60000)]
  0x0000000019a7c000 JavaThread "Cache worker for file content cache (C:\Users\adm\.gradle\caches\5.4.1\fileContent)" [_thread_blocked, id=3104, stack(0x00000000227d0000,0x00000000228d0000)]
  0x000000001c0a4000 JavaThread "Memory manager" [_thread_blocked, id=9648, stack(0x0000000000dd0000,0x0000000000ed0000)]
  0x000000001c0a5800 JavaThread "Cache worker for execution history cache (C:\Users\adm\.gradle\caches\5.4.1\executionHistory)" [_thread_in_native, id=7992, stack(0x000000001f690000,0x000000001f790000)]
  0x0000000018b25800 JavaThread "Cache worker for journal cache (C:\Users\adm\.gradle\caches\journal-1)" [_thread_blocked, id=5140, stack(0x000000001b2f0000,0x000000001b3f0000)]
  0x0000000018b28800 JavaThread "File lock request listener" [_thread_in_native, id=7184, stack(0x000000001b1f0000,0x000000001b2f0000)]
  0x0000000018b2b000 JavaThread "Cache worker for file hash cache (C:\Users\adm\.gradle\caches\5.4.1\fileHashes)" [_thread_blocked, id=5556, stack(0x000000001b0f0000,0x000000001b1f0000)]
  0x00000000198d7000 JavaThread "Daemon periodic checks" [_thread_blocked, id=8668, stack(0x000000001a6f0000,0x000000001a7f0000)]
  0x0000000018333000 JavaThread "Incoming local TCP Connector on port 50762" [_thread_in_native, id=4420, stack(0x000000001a4b0000,0x000000001a5b0000)]
  0x00000000196d8000 JavaThread "Daemon health stats" [_thread_blocked, id=9024, stack(0x0000000019e70000,0x0000000019f70000)]
  0x00000000180c8800 JavaThread "Service Thread" daemon [_thread_blocked, id=3592, stack(0x00000000184a0000,0x00000000185a0000)]
  0x000000001674a000 JavaThread "C1 CompilerThread2" daemon [_thread_blocked, id=6404, stack(0x0000000017fa0000,0x00000000180a0000)]
  0x0000000016740000 JavaThread "C2 CompilerThread1" daemon [_thread_in_native, id=5376, stack(0x0000000017ea0000,0x0000000017fa0000)]
=>0x0000000016738000 JavaThread "C2 CompilerThread0" daemon [_thread_in_native, id=304, stack(0x0000000017da0000,0x0000000017ea0000)]
  0x0000000016745800 JavaThread "Attach Listener" daemon [_thread_blocked, id=2552, stack(0x0000000017ca0000,0x0000000017da0000)]
  0x0000000016744800 JavaThread "Signal Dispatcher" daemon [_thread_blocked, id=7600, stack(0x0000000017ba0000,0x0000000017ca0000)]
  0x0000000002dcb000 JavaThread "Finalizer" daemon [_thread_blocked, id=9072, stack(0x00000000179a0000,0x0000000017aa0000)]
  0x0000000016729000 JavaThread "Reference Handler" daemon [_thread_blocked, id=2872, stack(0x00000000178a0000,0x00000000179a0000)]
  0x0000000002b0d800 JavaThread "main" [_thread_blocked, id=9132, stack(0x0000000002bd0000,0x0000000002cd0000)]

Other Threads:
  0x0000000016707800 VMThread [stack: 0x00000000177a0000,0x00000000178a0000] [id=3476]
  0x000000001679d800 WatcherThread [stack: 0x00000000185a0000,0x00000000186a0000] [id=3828]

VM state:not at safepoint (normal execution)

VM Mutex/Monitor currently owned by a thread: None

heap address: 0x00000000a0000000, size: 1536 MB, Compressed Oops mode: 32-bit
Narrow klass base: 0x0000000000000000, Narrow klass shift: 3
Compressed class space size: 1073741824 Address: 0x0000000100000000

Heap:
 PSYoungGen      total 173056K, used 36540K [0x00000000e0000000, 0x00000000ebb80000, 0x0000000100000000)
  eden space 154624K, 23% used [0x00000000e0000000,0x00000000e22df1e8,0x00000000e9700000)
  from space 18432K, 4% used [0x00000000e9700000,0x00000000e97d0000,0x00000000ea900000)
  to   space 18944K, 0% used [0x00000000ea900000,0x00000000ea900000,0x00000000ebb80000)
 ParOldGen       total 92672K, used 67655K [0x00000000a0000000, 0x00000000a5a80000, 0x00000000e0000000)
  object space 92672K, 73% used [0x00000000a0000000,0x00000000a4211dc8,0x00000000a5a80000)
 Metaspace       used 87799K, capacity 91272K, committed 91480K, reserved 1128448K
  class space    used 11165K, capacity 11881K, committed 11904K, reserved 1048576K

Card table byte_map: [0x0000000012190000,0x00000000124a0000] byte_map_base: 0x0000000011c90000

Marking Bits: (ParMarkBitMap*) 0x000000006d6d9f30
 Begin Bits: [0x0000000012aa0000, 0x00000000142a0000)
 End Bits:   [0x00000000142a0000, 0x0000000015aa0000)

Polling page: 0x0000000001220000

CodeCache: size=245760Kb used=50515Kb max_used=50515Kb free=195244Kb
 bounds [0x0000000002dd0000, 0x0000000005f70000, 0x0000000011dd0000]
 total_blobs=15525 nmethods=14562 adapters=873
 compilation: enabled

Compilation events (10 events):
Event: 4332.835 Thread 0x000000001674a000 17721       2       com.android.tools.r8.ir.conversion.IRBuilder::g (81 bytes)
Event: 4332.836 Thread 0x000000001674a000 nmethod 17721 0x0000000005f4ae90 code [0x0000000005f4b060, 0x0000000005f4b3d8]
Event: 4332.857 Thread 0x000000001674a000 17722       2       com.android.tools.r8.ir.code.N::<init> (10 bytes)
Event: 4332.858 Thread 0x000000001674a000 nmethod 17722 0x0000000005f4b710 code [0x0000000005f4b880, 0x0000000005f4b9e8]
Event: 4332.859 Thread 0x000000001674a000 17723       2       com.android.tools.r8.ir.code.Z::g (6 bytes)
Event: 4332.859 Thread 0x000000001674a000 nmethod 17723 0x0000000005f4ba90 code [0x0000000005f4bc00, 0x0000000005f4bd68]
Event: 4332.875 Thread 0x000000001674a000 17724 %     2       com.android.tools.r8.ir.regalloc.LinearScanRegisterAllocator::a @ 1969 (3743 bytes)
Event: 4332.908 Thread 0x000000001674a000 nmethod 17724% 0x0000000005f4be10 code [0x0000000005f4d000, 0x0000000005f53be8]
Event: 4332.919 Thread 0x000000001674a000 17725       2       org.gradle.api.internal.file.CompositeFileCollection::getFiles (96 bytes)
Event: 4332.920 Thread 0x000000001674a000 nmethod 17725 0x0000000005f5cf90 code [0x0000000005f5d180, 0x0000000005f5d688]

GC Heap History (10 events):
Event: 4327.952 GC heap before
{Heap before GC invocations=26 (full 3):
 PSYoungGen      total 121344K, used 110506K [0x00000000e0000000, 0x00000000e9080000, 0x0000000100000000)
  eden space 102912K, 100% used [0x00000000e0000000,0x00000000e6480000,0x00000000e6480000)
  from space 18432K, 41% used [0x00000000e7e80000,0x00000000e85eaae0,0x00000000e9080000)
  to   space 22528K, 0% used [0x00000000e6480000,0x00000000e6480000,0x00000000e7a80000)
 ParOldGen       total 92672K, used 56765K [0x00000000a0000000, 0x00000000a5a80000, 0x00000000e0000000)
  object space 92672K, 61% used [0x00000000a0000000,0x00000000a376f490,0x00000000a5a80000)
 Metaspace       used 87393K, capacity 90858K, committed 90968K, reserved 1128448K
  class space    used 11135K, capacity 11864K, committed 11904K, reserved 1048576K
Event: 4327.976 GC heap after
Heap after GC invocations=26 (full 3):
 PSYoungGen      total 125440K, used 8509K [0x00000000e0000000, 0x00000000ea700000, 0x0000000100000000)
  eden space 102912K, 0% used [0x00000000e0000000,0x00000000e0000000,0x00000000e6480000)
  from space 22528K, 37% used [0x00000000e6480000,0x00000000e6ccf5c8,0x00000000e7a80000)
  to   space 20992K, 0% used [0x00000000e9280000,0x00000000e9280000,0x00000000ea700000)
 ParOldGen       total 92672K, used 56821K [0x00000000a0000000, 0x00000000a5a80000, 0x00000000e0000000)
  object space 92672K, 61% used [0x00000000a0000000,0x00000000a377d490,0x00000000a5a80000)
 Metaspace       used 87393K, capacity 90858K, committed 90968K, reserved 1128448K
  class space    used 11135K, capacity 11864K, committed 11904K, reserved 1048576K
}
Event: 4329.039 GC heap before
{Heap before GC invocations=27 (full 3):
 PSYoungGen      total 125440K, used 111421K [0x00000000e0000000, 0x00000000ea700000, 0x0000000100000000)
  eden space 102912K, 100% used [0x00000000e0000000,0x00000000e6480000,0x00000000e6480000)
  from space 22528K, 37% used [0x00000000e6480000,0x00000000e6ccf5c8,0x00000000e7a80000)
  to   space 20992K, 0% used [0x00000000e9280000,0x00000000e9280000,0x00000000ea700000)
 ParOldGen       total 92672K, used 56821K [0x00000000a0000000, 0x00000000a5a80000, 0x00000000e0000000)
  object space 92672K, 61% used [0x00000000a0000000,0x00000000a377d490,0x00000000a5a80000)
 Metaspace       used 87570K, capacity 91038K, committed 91224K, reserved 1128448K
  class space    used 11151K, capacity 11878K, committed 11904K, reserved 1048576K
Event: 4329.055 GC heap after
Heap after GC invocations=27 (full 3):
 PSYoungGen      total 148992K, used 7093K [0x00000000e0000000, 0x00000000ea600000, 0x0000000100000000)
  eden space 129024K, 0% used [0x00000000e0000000,0x00000000e0000000,0x00000000e7e00000)
  from space 19968K, 35% used [0x00000000e9280000,0x00000000e996d758,0x00000000ea600000)
  to   space 20480K, 0% used [0x00000000e7e00000,0x00000000e7e00000,0x00000000e9200000)
 ParOldGen       total 92672K, used 57684K [0x00000000a0000000, 0x00000000a5a80000, 0x00000000e0000000)
  object space 92672K, 62% used [0x00000000a0000000,0x00000000a3855200,0x00000000a5a80000)
 Metaspace       used 87570K, capacity 91038K, committed 91224K, reserved 1128448K
  class space    used 11151K, capacity 11878K, committed 11904K, reserved 1048576K
}
Event: 4330.499 GC heap before
{Heap before GC invocations=28 (full 3):
 PSYoungGen      total 148992K, used 136117K [0x00000000e0000000, 0x00000000ea600000, 0x0000000100000000)
  eden space 129024K, 100% used [0x00000000e0000000,0x00000000e7e00000,0x00000000e7e00000)
  from space 19968K, 35% used [0x00000000e9280000,0x00000000e996d758,0x00000000ea600000)
  to   space 20480K, 0% used [0x00000000e7e00000,0x00000000e7e00000,0x00000000e9200000)
 ParOldGen       total 92672K, used 57684K [0x00000000a0000000, 0x00000000a5a80000, 0x00000000e0000000)
  object space 92672K, 62% used [0x00000000a0000000,0x00000000a3855200,0x00000000a5a80000)
 Metaspace       used 87739K, capacity 91204K, committed 91480K, reserved 1128448K
  class space    used 11165K, capacity 11881K, committed 11904K, reserved 1048576K
Event: 4330.520 GC heap after
Heap after GC invocations=28 (full 3):
 PSYoungGen      total 149504K, used 8703K [0x00000000e0000000, 0x00000000ebc00000, 0x0000000100000000)
  eden space 129024K, 0% used [0x00000000e0000000,0x00000000e0000000,0x00000000e7e00000)
  from space 20480K, 42% used [0x00000000e7e00000,0x00000000e867ff50,0x00000000e9200000)
  to   space 19456K, 0% used [0x00000000ea900000,0x00000000ea900000,0x00000000ebc00000)
 ParOldGen       total 92672K, used 60952K [0x00000000a0000000, 0x00000000a5a80000, 0x00000000e0000000)
  object space 92672K, 65% used [0x00000000a0000000,0x00000000a3b863b0,0x00000000a5a80000)
 Metaspace       used 87739K, capacity 91204K, committed 91480K, reserved 1128448K
  class space    used 11165K, capacity 11881K, committed 11904K, reserved 1048576K
}
Event: 4331.642 GC heap before
{Heap before GC invocations=29 (full 3):
 PSYoungGen      total 149504K, used 137727K [0x00000000e0000000, 0x00000000ebc00000, 0x0000000100000000)
  eden space 129024K, 100% used [0x00000000e0000000,0x00000000e7e00000,0x00000000e7e00000)
  from space 20480K, 42% used [0x00000000e7e00000,0x00000000e867ff50,0x00000000e9200000)
  to   space 19456K, 0% used [0x00000000ea900000,0x00000000ea900000,0x00000000ebc00000)
 ParOldGen       total 92672K, used 60952K [0x00000000a0000000, 0x00000000a5a80000, 0x00000000e0000000)
  object space 92672K, 65% used [0x00000000a0000000,0x00000000a3b863b0,0x00000000a5a80000)
 Metaspace       used 87762K, capacity 91268K, committed 91480K, reserved 1128448K
  class space    used 11165K, capacity 11881K, committed 11904K, reserved 1048576K
Event: 4331.669 GC heap after
Heap after GC invocations=29 (full 3):
 PSYoungGen      total 173568K, used 8999K [0x00000000e0000000, 0x00000000ebb80000, 0x0000000100000000)
  eden space 154624K, 0% used [0x00000000e0000000,0x00000000e0000000,0x00000000e9700000)
  from space 18944K, 47% used [0x00000000ea900000,0x00000000eb1c9e80,0x00000000ebb80000)
  to   space 18432K, 0% used [0x00000000e9700000,0x00000000e9700000,0x00000000ea900000)
 ParOldGen       total 92672K, used 61867K [0x00000000a0000000, 0x00000000a5a80000, 0x00000000e0000000)
  object space 92672K, 66% used [0x00000000a0000000,0x00000000a3c6ad08,0x00000000a5a80000)
 Metaspace       used 87762K, capacity 91268K, committed 91480K, reserved 1128448K
  class space    used 11165K, capacity 11881K, committed 11904K, reserved 1048576K
}
Event: 4332.727 GC heap before
{Heap before GC invocations=30 (full 3):
 PSYoungGen      total 173568K, used 163623K [0x00000000e0000000, 0x00000000ebb80000, 0x0000000100000000)
  eden space 154624K, 100% used [0x00000000e0000000,0x00000000e9700000,0x00000000e9700000)
  from space 18944K, 47% used [0x00000000ea900000,0x00000000eb1c9e80,0x00000000ebb80000)
  to   space 18432K, 0% used [0x00000000e9700000,0x00000000e9700000,0x00000000ea900000)
 ParOldGen       total 92672K, used 61867K [0x00000000a0000000, 0x00000000a5a80000, 0x00000000e0000000)
  object space 92672K, 66% used [0x00000000a0000000,0x00000000a3c6ad08,0x00000000a5a80000)
 Metaspace       used 87797K, capacity 91272K, committed 91480K, reserved 1128448K
  class space    used 11165K, capacity 11881K, committed 11904K, reserved 1048576K
Event: 4332.752 GC heap after
Heap after GC invocations=30 (full 3):
 PSYoungGen      total 173056K, used 832K [0x00000000e0000000, 0x00000000ebb80000, 0x0000000100000000)
  eden space 154624K, 0% used [0x00000000e0000000,0x00000000e0000000,0x00000000e9700000)
  from space 18432K, 4% used [0x00000000e9700000,0x00000000e97d0000,0x00000000ea900000)
  to   space 18944K, 0% used [0x00000000ea900000,0x00000000ea900000,0x00000000ebb80000)
 ParOldGen       total 92672K, used 67655K [0x00000000a0000000, 0x00000000a5a80000, 0x00000000e0000000)
  object space 92672K, 73% used [0x00000000a0000000,0x00000000a4211dc8,0x00000000a5a80000)
 Metaspace       used 87797K, capacity 91272K, committed 91480K, reserved 1128448K
  class space    used 11165K, capacity 11881K, committed 11904K, reserved 1048576K
}

Deoptimization events (10 events):
Event: 4329.968 Thread 0x000000001c0a6800 Uncommon trap: reason=unstable_if action=reinterpret pc=0x00000000056439e4 method=com.android.tools.r8.ir.regalloc.LinearScanRegisterAllocator.a(Lcom/android/tools/r8/ir/regalloc/LinearScanRegisterAllocator$a;Z)Lcom/android/tools/r8/ir/regalloc/LinearScan
Event: 4329.979 Thread 0x000000001c0a6800 Uncommon trap: reason=class_check action=maybe_recompile pc=0x00000000038f1648 method=com.android.tools.r8.ir.analysis.g.e.b(Lcom/android/tools/r8/ir/code/Instruction;)V @ 139
Event: 4329.980 Thread 0x000000001c0a6800 Uncommon trap: reason=class_check action=maybe_recompile pc=0x00000000038f1648 method=com.android.tools.r8.ir.analysis.g.e.b(Lcom/android/tools/r8/ir/code/Instruction;)V @ 139
Event: 4330.713 Thread 0x000000001c0a6800 Uncommon trap: reason=unstable_if action=reinterpret pc=0x0000000005d7cebc method=com.android.tools.r8.ir.conversion.V.b(Lcom/android/tools/r8/t/a/a/B;)Z @ 11
Event: 4330.713 Thread 0x000000001c0a6800 Uncommon trap: reason=unstable_if action=reinterpret pc=0x0000000005e557b8 method=com.android.tools.r8.ir.conversion.V.b(Lcom/android/tools/r8/t/a/a/B;)Z @ 11
Event: 4331.292 Thread 0x000000001c0a6800 Uncommon trap: reason=unstable_if action=reinterpret pc=0x0000000003ec59f0 method=java.util.Collections$SetFromMap.add(Ljava/lang/Object;)Z @ 13
Event: 4331.292 Thread 0x000000001c0a6800 Uncommon trap: reason=class_check action=maybe_recompile pc=0x0000000004b6c040 method=com.android.tools.r8.ir.conversion.U.a(Lcom/android/tools/r8/ir/conversion/T;)Z @ 4
Event: 4331.292 Thread 0x000000001c0a6800 Uncommon trap: reason=class_check action=maybe_recompile pc=0x0000000004b6c040 method=com.android.tools.r8.ir.conversion.U.a(Lcom/android/tools/r8/ir/conversion/T;)Z @ 4
Event: 4331.292 Thread 0x000000001c0a6800 Uncommon trap: reason=class_check action=maybe_recompile pc=0x0000000004b6c040 method=com.android.tools.r8.ir.conversion.U.a(Lcom/android/tools/r8/ir/conversion/T;)Z @ 4
Event: 4332.075 Thread 0x000000001c0a3000 Uncommon trap: reason=predicate action=maybe_recompile pc=0x0000000005b65c58 method=com.android.tools.r8.ir.optimize.CodeRewriter.e(Lcom/android/tools/r8/ir/code/Instruction;)Z @ 226

Classes redefined (0 events):
No events

Internal exceptions (10 events):
Event: 4329.589 Thread 0x000000001c0a3000 Exception <a 'sun/nio/fs/WindowsException'> (0x00000000e44d5e90) thrown at [D:\src\AOSP-openjdk-cygwin\jdk8u\hotspot\src\share\vm\prims\jni.cpp, line 710]
Event: 4329.820 Thread 0x000000001c0a7000 Exception <a 'sun/nio/fs/WindowsException'> (0x00000000e566edc0) thrown at [D:\src\AOSP-openjdk-cygwin\jdk8u\hotspot\src\share\vm\prims\jni.cpp, line 710]
Event: 4329.874 Thread 0x000000001c0a3000 Exception <a 'sun/nio/fs/WindowsException'> (0x00000000e58066d8) thrown at [D:\src\AOSP-openjdk-cygwin\jdk8u\hotspot\src\share\vm\prims\jni.cpp, line 710]
Event: 4330.993 Thread 0x000000001c0a3000 Exception <a 'sun/nio/fs/WindowsException'> (0x00000000e25cd438) thrown at [D:\src\AOSP-openjdk-cygwin\jdk8u\hotspot\src\share\vm\prims\jni.cpp, line 710]
Event: 4331.097 Thread 0x0000000019a83000 Exception <a 'sun/nio/fs/WindowsException'> (0x00000000e01f58a8) thrown at [D:\src\AOSP-openjdk-cygwin\jdk8u\hotspot\src\share\vm\prims\jni.cpp, line 710]
Event: 4331.272 Thread 0x000000001c0a7000 Exception <a 'sun/nio/fs/WindowsException'> (0x00000000e47163a0) thrown at [D:\src\AOSP-openjdk-cygwin\jdk8u\hotspot\src\share\vm\prims\jni.cpp, line 710]
Event: 4331.442 Thread 0x000000001c0a3000 Exception <a 'sun/nio/fs/WindowsException'> (0x00000000e615f040) thrown at [D:\src\AOSP-openjdk-cygwin\jdk8u\hotspot\src\share\vm\prims\jni.cpp, line 710]
Event: 4331.978 Thread 0x0000000019a83000 Exception <a 'sun/nio/fs/WindowsException'> (0x00000000e3466018) thrown at [D:\src\AOSP-openjdk-cygwin\jdk8u\hotspot\src\share\vm\prims\jni.cpp, line 710]
Event: 4332.513 Thread 0x000000001c0a7000 Exception <a 'sun/nio/fs/WindowsException'> (0x00000000e7c35e70) thrown at [D:\src\AOSP-openjdk-cygwin\jdk8u\hotspot\src\share\vm\prims\jni.cpp, line 710]
Event: 4332.923 Thread 0x0000000019a83000 Exception <a 'sun/nio/fs/WindowsException'> (0x00000000e0173960) thrown at [D:\src\AOSP-openjdk-cygwin\jdk8u\hotspot\src\share\vm\prims\jni.cpp, line 710]

Events (10 events):
Event: 4332.855 Thread 0x000000001c0a6800 DEOPT PACKING pc=0x0000000004e48c47 sp=0x0000000023c6ae40
Event: 4332.855 Thread 0x000000001c0a6800 DEOPT UNPACKING pc=0x0000000002e175d0 sp=0x0000000023c6acb8 mode 0
Event: 4332.856 Thread 0x000000001c0a6800 DEOPT PACKING pc=0x000000000478eb63 sp=0x0000000023c6b1f0
Event: 4332.856 Thread 0x000000001c0a6800 DEOPT UNPACKING pc=0x0000000002e175d0 sp=0x0000000023c6b070 mode 0
Event: 4332.874 Thread 0x000000001c0a6800 DEOPT PACKING pc=0x0000000005dd93aa sp=0x0000000023c6a790
Event: 4332.874 Thread 0x000000001c0a6800 DEOPT UNPACKING pc=0x0000000002e175d0 sp=0x0000000023c6a7f8 mode 0
Event: 4332.904 Thread 0x000000001c0a6800 DEOPT PACKING pc=0x0000000005d6647e sp=0x0000000023c6a700
Event: 4332.904 Thread 0x000000001c0a6800 DEOPT UNPACKING pc=0x0000000002e175d0 sp=0x0000000023c6a7f8 mode 0
Event: 4332.925 Thread 0x000000001c0a7000 DEOPT PACKING pc=0x0000000005afe37c sp=0x0000000023b6bb50
Event: 4332.925 Thread 0x000000001c0a7000 DEOPT UNPACKING pc=0x0000000002e175d0 sp=0x0000000023b6ba08 mode 0


Dynamic libraries:
0x00007ff66d6b0000 - 0x00007ff66d6e1000 	C:\Program Files\Android\Android Studio\jre\bin\java.exe
0x00007ff8fcd40000 - 0x00007ff8fcf30000 	C:\WINDOWS\SYSTEM32\ntdll.dll
0x00007ff8fb810000 - 0x00007ff8fb8c2000 	C:\WINDOWS\System32\KERNEL32.DLL
0x00007ff8fa9c0000 - 0x00007ff8fac63000 	C:\WINDOWS\System32\KERNELBASE.dll
0x00007ff8fc740000 - 0x00007ff8fc7e3000 	C:\WINDOWS\System32\ADVAPI32.dll
0x00007ff8fc7f0000 - 0x00007ff8fc88e000 	C:\WINDOWS\System32\msvcrt.dll
0x00007ff8fb770000 - 0x00007ff8fb807000 	C:\WINDOWS\System32\sechost.dll
0x00007ff8fc620000 - 0x00007ff8fc740000 	C:\WINDOWS\System32\RPCRT4.dll
0x00007ff8faea0000 - 0x00007ff8fb034000 	C:\WINDOWS\System32\USER32.dll
0x00007ff8fad20000 - 0x00007ff8fad41000 	C:\WINDOWS\System32\win32u.dll
0x00007ff8fb930000 - 0x00007ff8fb956000 	C:\WINDOWS\System32\GDI32.dll
0x00007ff8f9d80000 - 0x00007ff8f9f14000 	C:\WINDOWS\System32\gdi32full.dll
0x00007ff8fad50000 - 0x00007ff8fadee000 	C:\WINDOWS\System32\msvcp_win.dll
0x00007ff8fa840000 - 0x00007ff8fa93a000 	C:\WINDOWS\System32\ucrtbase.dll
0x00007ff8ed060000 - 0x00007ff8ed2e5000 	C:\WINDOWS\WinSxS\amd64_microsoft.windows.common-controls_6595b64144ccf1df_6.0.18362.720_none_e6beb5c51314836b\COMCTL32.dll
0x00007ff8fb350000 - 0x00007ff8fb686000 	C:\WINDOWS\System32\combase.dll
0x00007ff8fa940000 - 0x00007ff8fa9c0000 	C:\WINDOWS\System32\bcryptPrimitives.dll
0x00007ff8fb1f0000 - 0x00007ff8fb21e000 	C:\WINDOWS\System32\IMM32.DLL
0x000000006cd50000 - 0x000000006ce22000 	C:\Program Files\Android\Android Studio\jre\jre\bin\msvcr100.dll
0x000000006cf10000 - 0x000000006d756000 	C:\Program Files\Android\Android Studio\jre\jre\bin\server\jvm.dll
0x00007ff8fbae0000 - 0x00007ff8fbae8000 	C:\WINDOWS\System32\PSAPI.DLL
0x00007ff8f1ed0000 - 0x00007ff8f1eda000 	C:\WINDOWS\SYSTEM32\VERSION.dll
0x00007ff8f68c0000 - 0x00007ff8f68e4000 	C:\WINDOWS\SYSTEM32\WINMM.dll
0x00007ff8f6890000 - 0x00007ff8f68bd000 	C:\WINDOWS\SYSTEM32\winmmbase.dll
0x00007ff8f3fe0000 - 0x00007ff8f3fe9000 	C:\WINDOWS\SYSTEM32\WSOCK32.dll
0x00007ff8fb690000 - 0x00007ff8fb6ff000 	C:\WINDOWS\System32\WS2_32.dll
0x00007ff8fa6a0000 - 0x00007ff8fa6ea000 	C:\WINDOWS\System32\cfgmgr32.dll
0x00007ff8f2a20000 - 0x00007ff8f2a2f000 	C:\Program Files\Android\Android Studio\jre\jre\bin\verify.dll
0x00007ff8f2510000 - 0x00007ff8f2539000 	C:\Program Files\Android\Android Studio\jre\jre\bin\java.dll
0x00007ff8f24f0000 - 0x00007ff8f2506000 	C:\Program Files\Android\Android Studio\jre\jre\bin\zip.dll
0x00007ff8fbeb0000 - 0x00007ff8fc595000 	C:\WINDOWS\System32\SHELL32.dll
0x00007ff8fba30000 - 0x00007ff8fbad9000 	C:\WINDOWS\System32\shcore.dll
0x00007ff8f9f20000 - 0x00007ff8fa6a0000 	C:\WINDOWS\System32\windows.storage.dll
0x00007ff8f9ca0000 - 0x00007ff8f9cc3000 	C:\WINDOWS\System32\profapi.dll
0x00007ff8f9c30000 - 0x00007ff8f9c7a000 	C:\WINDOWS\System32\powrprof.dll
0x00007ff8f9c00000 - 0x00007ff8f9c10000 	C:\WINDOWS\System32\UMPDC.dll
0x00007ff8fb220000 - 0x00007ff8fb272000 	C:\WINDOWS\System32\shlwapi.dll
0x00007ff8f9c10000 - 0x00007ff8f9c21000 	C:\WINDOWS\System32\kernel.appcore.dll
0x00007ff8fad00000 - 0x00007ff8fad17000 	C:\WINDOWS\System32\cryptsp.dll
0x00007ff8f24d0000 - 0x00007ff8f24ea000 	C:\Program Files\Android\Android Studio\jre\jre\bin\net.dll
0x00007ff8f9470000 - 0x00007ff8f94d7000 	C:\WINDOWS\system32\mswsock.dll
0x00007ff8f24b0000 - 0x00007ff8f24c1000 	C:\Program Files\Android\Android Studio\jre\jre\bin\nio.dll
0x00007ff8e3f00000 - 0x00007ff8e3f26000 	C:\Users\adm\.gradle\native\29\windows-amd64\native-platform.dll
0x00007ff8f2a10000 - 0x00007ff8f2a1d000 	C:\Program Files\Android\Android Studio\jre\jre\bin\management.dll
0x00007ff8f8fe0000 - 0x00007ff8f9013000 	C:\WINDOWS\system32\rsaenh.dll
0x00007ff8facd0000 - 0x00007ff8facf6000 	C:\WINDOWS\System32\bcrypt.dll
0x00007ff8f9b20000 - 0x00007ff8f9b45000 	C:\WINDOWS\SYSTEM32\USERENV.dll
0x00007ff8f9640000 - 0x00007ff8f964c000 	C:\WINDOWS\SYSTEM32\CRYPTBASE.dll
0x00007ff8f9180000 - 0x00007ff8f91ba000 	C:\WINDOWS\SYSTEM32\IPHLPAPI.DLL
0x00007ff8fae70000 - 0x00007ff8fae78000 	C:\WINDOWS\System32\NSI.dll
0x00007ff8ee7d0000 - 0x00007ff8ee7e6000 	C:\WINDOWS\SYSTEM32\dhcpcsvc6.DLL
0x00007ff8ee6d0000 - 0x00007ff8ee6ec000 	C:\WINDOWS\SYSTEM32\dhcpcsvc.DLL
0x00007ff8f91c0000 - 0x00007ff8f928a000 	C:\WINDOWS\SYSTEM32\DNSAPI.dll
0x00007ff8e3f30000 - 0x00007ff8e40cc000 	C:\Program Files\Android\Android Studio\jre\jre\bin\awt.dll
0x00007ff8fb280000 - 0x00007ff8fb344000 	C:\WINDOWS\System32\OLEAUT32.dll
0x00007ff8f84b0000 - 0x00007ff8f84dd000 	C:\WINDOWS\SYSTEM32\dwmapi.dll
0x00007ff8f69c0000 - 0x00007ff8f6f80000 	C:\WINDOWS\SYSTEM32\d2d1.dll
0x00007ff8f7da0000 - 0x00007ff8f7e2f000 	C:\WINDOWS\SYSTEM32\apphelp.dll
0x00007ff8f7f00000 - 0x00007ff8f7f99000 	C:\WINDOWS\system32\uxtheme.dll

VM Arguments:
jvm_args: -Xmx1536m -Dfile.encoding=windows-1252 -Duser.country=US -Duser.language=en -Duser.variant 
java_command: org.gradle.launcher.daemon.bootstrap.GradleDaemon 5.4.1
java_class_path (initial): C:\Users\adm\.gradle\wrapper\dists\gradle-5.4.1-all\3221gyojl5jsh0helicew7rwx\gradle-5.4.1\lib\gradle-launcher-5.4.1.jar
Launcher Type: SUN_STANDARD

Environment Variables:
PATH=C:\Program Files (x86)\Common Files\Oracle\Java\javapath;C:\WINDOWS\system32;C:\WINDOWS;C:\WINDOWS\System32\Wbem;C:\WINDOWS\System32\WindowsPowerShell\v1.0\;C:\Program Files\nodejs\;C:\WINDOWS\System32\OpenSSH\;C:\Program Files\Git\cmd;C:\Users\adm\AppData\Local\Microsoft\WindowsApps;C:\Users\adm\AppData\Roaming\npm;;E:\Microsoft VS Code\bin
USERNAME=adm
OS=Windows_NT
PROCESSOR_IDENTIFIER=Intel64 Family 6 Model 61 Stepping 4, GenuineIntel



---------------  S Y S T E M  ---------------

OS: Windows 10.0 , 64 bit Build 18362 (10.0.18362.329)

CPU:total 4 (initial active 4) (2 cores per cpu, 2 threads per core) family 6 model 61 stepping 4, cmov, cx8, fxsr, mmx, sse, sse2, sse3, ssse3, sse4.1, sse4.2, popcnt, avx, avx2, aes, clmul, erms, 3dnowpref, lzcnt, ht, tsc, tscinvbit, bmi1, bmi2, adx

Memory: 4k page, physical 4101964k(287272k free), swap 6973260k(6732k free)

vm_info: OpenJDK 64-Bit Server VM (25.202-b03) for windows-amd64 JRE (1.8.0_202-release-1483-b03), built by "builder" with MS VC++ 10.0 (VS2010)

time: Tue Mar 31 01:49:22 2020
timezone: SE Asia Standard Time
elapsed time: 4333 seconds (0d 1h 12m 13s)

